<?xml version="1.0" encoding="UTF-8"?>
<testsuite xmlns:xsi="http://www.w3.org/2001/XMLSchema-instance" xsi:noNamespaceSchemaLocation="https://maven.apache.org/surefire/maven-surefire-plugin/xsd/surefire-test-report-3.0.xsd" version="3.0" name="org.apache.bookkeeper.client.LedgerHandleAddEntryTest" time="28.409" tests="10" errors="0" skipped="0" failures="0">
  <properties>
    <property name="awt.toolkit" value="sun.awt.X11.XToolkit"/>
    <property name="file.encoding.pkg" value="sun.io"/>
    <property name="java.specification.version" value="1.8"/>
    <property name="sun.cpu.isalist" value=""/>
    <property name="sun.jnu.encoding" value="UTF-8"/>
    <property name="java.class.path" value="/media/massimo/Dati/Documenti/Università/1-Magistrale/iswii/working-copies-GITHUB/bookkeeper/bookkeeper-server/target/test-classes:/media/massimo/Dati/Documenti/Università/1-Magistrale/iswii/working-copies-GITHUB/bookkeeper/bookkeeper-server/target/classes:/home/massimo/.m2/repository/org/apache/bookkeeper/bookkeeper-common/4.6.0/bookkeeper-common-4.6.0.jar:/home/massimo/.m2/repository/org/apache/bookkeeper/stats/bookkeeper-stats-api/4.6.0/bookkeeper-stats-api-4.6.0.jar:/home/massimo/.m2/repository/com/google/guava/guava/20.0/guava-20.0.jar:/home/massimo/.m2/repository/com/google/protobuf/protobuf-java/3.4.0/protobuf-java-3.4.0.jar:/home/massimo/.m2/repository/org/slf4j/slf4j-log4j12/1.7.25/slf4j-log4j12-1.7.25.jar:/home/massimo/.m2/repository/org/apache/zookeeper/zookeeper/3.5.3-beta/zookeeper-3.5.3-beta.jar:/home/massimo/.m2/repository/org/apache/zookeeper/zookeeper/3.5.3-beta/zookeeper-3.5.3-beta-tests.jar:/home/massimo/.m2/repository/commons-cli/commons-cli/1.2/commons-cli-1.2.jar:/home/massimo/.m2/repository/commons-codec/commons-codec/1.6/commons-codec-1.6.jar:/home/massimo/.m2/repository/commons-io/commons-io/2.4/commons-io-2.4.jar:/home/massimo/.m2/repository/org/apache/commons/commons-lang3/3.3.2/commons-lang3-3.3.2.jar:/home/massimo/.m2/repository/org/apache/commons/commons-collections4/4.1/commons-collections4-4.1.jar:/home/massimo/.m2/repository/net/java/dev/jna/jna/3.2.7/jna-3.2.7.jar:/home/massimo/.m2/repository/log4j/log4j/1.2.15/log4j-1.2.15.jar:/home/massimo/.m2/repository/io/netty/netty-all/4.1.12.Final/netty-all-4.1.12.Final.jar:/home/massimo/.m2/repository/org/apache/hadoop/hadoop-minikdc/2.7.3/hadoop-minikdc-2.7.3.jar:/home/massimo/.m2/repository/org/apache/directory/server/apacheds-core-api/2.0.0-M15/apacheds-core-api-2.0.0-M15.jar:/home/massimo/.m2/repository/org/apache/directory/server/apacheds-core-constants/2.0.0-M15/apacheds-core-constants-2.0.0-M15.jar:/home/massimo/.m2/repository/org/apache/directory/server/apacheds-i18n/2.0.0-M15/apacheds-i18n-2.0.0-M15.jar:/home/massimo/.m2/repository/org/apache/directory/api/api-i18n/1.0.0-M20/api-i18n-1.0.0-M20.jar:/home/massimo/.m2/repository/org/apache/directory/api/api-asn1-api/1.0.0-M20/api-asn1-api-1.0.0-M20.jar:/home/massimo/.m2/repository/org/apache/directory/api/api-ldap-client-api/1.0.0-M20/api-ldap-client-api-1.0.0-M20.jar:/home/massimo/.m2/repository/org/apache/directory/api/api-ldap-codec-core/1.0.0-M20/api-ldap-codec-core-1.0.0-M20.jar:/home/massimo/.m2/repository/org/apache/directory/api/api-ldap-extras-aci/1.0.0-M20/api-ldap-extras-aci-1.0.0-M20.jar:/home/massimo/.m2/repository/org/apache/directory/api/api-ldap-extras-util/1.0.0-M20/api-ldap-extras-util-1.0.0-M20.jar:/home/massimo/.m2/repository/org/apache/directory/api/api-ldap-model/1.0.0-M20/api-ldap-model-1.0.0-M20.jar:/home/massimo/.m2/repository/org/apache/directory/api/api-util/1.0.0-M20/api-util-1.0.0-M20.jar:/home/massimo/.m2/repository/org/apache/mina/mina-core/2.0.7/mina-core-2.0.7.jar:/home/massimo/.m2/repository/net/sf/ehcache/ehcache-core/2.4.4/ehcache-core-2.4.4.jar:/home/massimo/.m2/repository/org/apache/directory/server/apacheds-interceptor-kerberos/2.0.0-M15/apacheds-interceptor-kerberos-2.0.0-M15.jar:/home/massimo/.m2/repository/org/apache/directory/server/apacheds-core/2.0.0-M15/apacheds-core-2.0.0-M15.jar:/home/massimo/.m2/repository/org/apache/directory/server/apacheds-interceptors-admin/2.0.0-M15/apacheds-interceptors-admin-2.0.0-M15.jar:/home/massimo/.m2/repository/org/apache/directory/server/apacheds-interceptors-authn/2.0.0-M15/apacheds-interceptors-authn-2.0.0-M15.jar:/home/massimo/.m2/repository/org/apache/directory/server/apacheds-interceptors-authz/2.0.0-M15/apacheds-interceptors-authz-2.0.0-M15.jar:/home/massimo/.m2/repository/org/apache/directory/server/apacheds-interceptors-changelog/2.0.0-M15/apacheds-interceptors-changelog-2.0.0-M15.jar:/home/massimo/.m2/repository/org/apache/directory/server/apacheds-interceptors-collective/2.0.0-M15/apacheds-interceptors-collective-2.0.0-M15.jar:/home/massimo/.m2/repository/org/apache/directory/server/apacheds-interceptors-event/2.0.0-M15/apacheds-interceptors-event-2.0.0-M15.jar:/home/massimo/.m2/repository/org/apache/directory/server/apacheds-interceptors-exception/2.0.0-M15/apacheds-interceptors-exception-2.0.0-M15.jar:/home/massimo/.m2/repository/org/apache/directory/server/apacheds-interceptors-journal/2.0.0-M15/apacheds-interceptors-journal-2.0.0-M15.jar:/home/massimo/.m2/repository/org/apache/directory/server/apacheds-interceptors-normalization/2.0.0-M15/apacheds-interceptors-normalization-2.0.0-M15.jar:/home/massimo/.m2/repository/org/apache/directory/server/apacheds-interceptors-operational/2.0.0-M15/apacheds-interceptors-operational-2.0.0-M15.jar:/home/massimo/.m2/repository/org/apache/directory/server/apacheds-interceptors-referral/2.0.0-M15/apacheds-interceptors-referral-2.0.0-M15.jar:/home/massimo/.m2/repository/org/apache/directory/server/apacheds-interceptors-schema/2.0.0-M15/apacheds-interceptors-schema-2.0.0-M15.jar:/home/massimo/.m2/repository/org/apache/directory/server/apacheds-interceptors-subtree/2.0.0-M15/apacheds-interceptors-subtree-2.0.0-M15.jar:/home/massimo/.m2/repository/org/apache/directory/server/apacheds-interceptors-trigger/2.0.0-M15/apacheds-interceptors-trigger-2.0.0-M15.jar:/home/massimo/.m2/repository/org/apache/directory/api/api-ldap-extras-trigger/1.0.0-M20/api-ldap-extras-trigger-1.0.0-M20.jar:/home/massimo/.m2/repository/org/apache/directory/server/apacheds-kerberos-codec/2.0.0-M15/apacheds-kerberos-codec-2.0.0-M15.jar:/home/massimo/.m2/repository/org/apache/directory/server/apacheds-protocol-shared/2.0.0-M15/apacheds-protocol-shared-2.0.0-M15.jar:/home/massimo/.m2/repository/org/apache/directory/server/apacheds-protocol-kerberos/2.0.0-M15/apacheds-protocol-kerberos-2.0.0-M15.jar:/home/massimo/.m2/repository/org/apache/directory/server/apacheds-core-shared/2.0.0-M15/apacheds-core-shared-2.0.0-M15.jar:/home/massimo/.m2/repository/org/apache/directory/server/apacheds-ldif-partition/2.0.0-M15/apacheds-ldif-partition-2.0.0-M15.jar:/home/massimo/.m2/repository/org/apache/directory/server/apacheds-xdbm-partition/2.0.0-M15/apacheds-xdbm-partition-2.0.0-M15.jar:/home/massimo/.m2/repository/org/apache/directory/server/apacheds-mavibot-partition/2.0.0-M15/apacheds-mavibot-partition-2.0.0-M15.jar:/home/massimo/.m2/repository/org/apache/directory/mavibot/mavibot/1.0.0-M1/mavibot-1.0.0-M1.jar:/home/massimo/.m2/repository/org/apache/directory/server/apacheds-core-avl/2.0.0-M15/apacheds-core-avl-2.0.0-M15.jar:/home/massimo/.m2/repository/org/apache/directory/api/api-all/1.0.0-M20/api-all-1.0.0-M20.jar:/home/massimo/.m2/repository/commons-pool/commons-pool/1.6/commons-pool-1.6.jar:/home/massimo/.m2/repository/commons-collections/commons-collections/3.2.1/commons-collections-3.2.1.jar:/home/massimo/.m2/repository/antlr/antlr/2.7.7/antlr-2.7.7.jar:/home/massimo/.m2/repository/org/apache/directory/server/apacheds-jdbm-partition/2.0.0-M15/apacheds-jdbm-partition-2.0.0-M15.jar:/home/massimo/.m2/repository/org/apache/directory/jdbm/apacheds-jdbm1/2.0.0-M2/apacheds-jdbm1-2.0.0-M2.jar:/home/massimo/.m2/repository/org/apache/directory/server/apacheds-protocol-ldap/2.0.0-M15/apacheds-protocol-ldap-2.0.0-M15.jar:/home/massimo/.m2/repository/org/apache/directory/api/api-asn1-ber/1.0.0-M20/api-asn1-ber-1.0.0-M20.jar:/home/massimo/.m2/repository/org/apache/directory/api/api-ldap-extras-codec-api/1.0.0-M20/api-ldap-extras-codec-api-1.0.0-M20.jar:/home/massimo/.m2/repository/org/apache/directory/api/api-ldap-extras-codec/1.0.0-M20/api-ldap-extras-codec-1.0.0-M20.jar:/home/massimo/.m2/repository/org/apache/directory/api/api-ldap-extras-sp/1.0.0-M20/api-ldap-extras-sp-1.0.0-M20.jar:/home/massimo/.m2/repository/bouncycastle/bcprov-jdk15/140/bcprov-jdk15-140.jar:/home/massimo/.m2/repository/io/netty/netty-tcnative-boringssl-static/2.0.3.Final/netty-tcnative-boringssl-static-2.0.3.Final.jar:/home/massimo/.m2/repository/org/apache/bookkeeper/http/http-server/4.6.0/http-server-4.6.0.jar:/home/massimo/.m2/repository/com/fasterxml/jackson/core/jackson-core/2.8.9/jackson-core-2.8.9.jar:/home/massimo/.m2/repository/com/fasterxml/jackson/core/jackson-databind/2.8.9/jackson-databind-2.8.9.jar:/home/massimo/.m2/repository/com/fasterxml/jackson/core/jackson-annotations/2.8.9/jackson-annotations-2.8.9.jar:/home/massimo/.m2/repository/org/slf4j/slf4j-api/1.7.25/slf4j-api-1.7.25.jar:/home/massimo/.m2/repository/org/projectlombok/lombok/1.18.12/lombok-1.18.12.jar:/home/massimo/.m2/repository/commons-configuration/commons-configuration/1.10/commons-configuration-1.10.jar:/home/massimo/.m2/repository/commons-lang/commons-lang/2.6/commons-lang-2.6.jar:/home/massimo/.m2/repository/commons-logging/commons-logging/1.1.1/commons-logging-1.1.1.jar:/home/massimo/.m2/repository/junit/junit/4.12/junit-4.12.jar:/home/massimo/.m2/repository/org/hamcrest/hamcrest-core/1.3/hamcrest-core-1.3.jar:/home/massimo/.m2/repository/org/hamcrest/hamcrest-all/1.3/hamcrest-all-1.3.jar:/home/massimo/.m2/repository/org/mockito/mockito-core/2.8.9/mockito-core-2.8.9.jar:/home/massimo/.m2/repository/net/bytebuddy/byte-buddy/1.6.14/byte-buddy-1.6.14.jar:/home/massimo/.m2/repository/net/bytebuddy/byte-buddy-agent/1.6.14/byte-buddy-agent-1.6.14.jar:/home/massimo/.m2/repository/org/objenesis/objenesis/2.5/objenesis-2.5.jar:/home/massimo/.m2/repository/org/powermock/powermock-api-mockito2/1.7.3/powermock-api-mockito2-1.7.3.jar:/home/massimo/.m2/repository/org/powermock/powermock-api-mockito-common/1.7.3/powermock-api-mockito-common-1.7.3.jar:/home/massimo/.m2/repository/org/powermock/powermock-api-support/1.7.3/powermock-api-support-1.7.3.jar:/home/massimo/.m2/repository/org/powermock/powermock-module-junit4/1.7.3/powermock-module-junit4-1.7.3.jar:/home/massimo/.m2/repository/org/powermock/powermock-module-junit4-common/1.7.3/powermock-module-junit4-common-1.7.3.jar:/home/massimo/.m2/repository/org/powermock/powermock-reflect/1.7.3/powermock-reflect-1.7.3.jar:/home/massimo/.m2/repository/org/powermock/powermock-core/1.7.3/powermock-core-1.7.3.jar:/home/massimo/.m2/repository/org/javassist/javassist/3.21.0-GA/javassist-3.21.0-GA.jar:/home/massimo/.m2/repository/org/apache/bookkeeper/bookkeeper-proto/4.7.0/bookkeeper-proto-4.7.0.jar:"/>
    <property name="java.vm.vendor" value="Private Build"/>
    <property name="sun.arch.data.model" value="64"/>
    <property name="java.vendor.url" value="http://java.oracle.com/"/>
    <property name="zookeeper.preAllocSize" value="100"/>
    <property name="user.timezone" value="Europe/Rome"/>
    <property name="java.vm.specification.version" value="1.8"/>
    <property name="os.name" value="Linux"/>
    <property name="user.country" value="IT"/>
    <property name="sun.java.launcher" value="SUN_STANDARD"/>
    <property name="sun.boot.library.path" value="/usr/lib/jvm/java-8-openjdk-amd64/jre/lib/amd64"/>
    <property name="sun.java.command" value="/media/massimo/Dati/Documenti/Università/1-Magistrale/iswii/working-copies-GITHUB/bookkeeper/bookkeeper-server/target/surefire/surefirebooter1523735713476658671.jar /media/massimo/Dati/Documenti/Università/1-Magistrale/iswii/working-copies-GITHUB/bookkeeper/bookkeeper-server/target/surefire 2022-02-08T23-08-01_892-jvmRun1 surefire771907713447315114tmp surefire_03029332660985925562tmp"/>
    <property name="surefire.test.class.path" value="/media/massimo/Dati/Documenti/Università/1-Magistrale/iswii/working-copies-GITHUB/bookkeeper/bookkeeper-server/target/test-classes:/media/massimo/Dati/Documenti/Università/1-Magistrale/iswii/working-copies-GITHUB/bookkeeper/bookkeeper-server/target/classes:/home/massimo/.m2/repository/org/apache/bookkeeper/bookkeeper-common/4.6.0/bookkeeper-common-4.6.0.jar:/home/massimo/.m2/repository/org/apache/bookkeeper/stats/bookkeeper-stats-api/4.6.0/bookkeeper-stats-api-4.6.0.jar:/home/massimo/.m2/repository/com/google/guava/guava/20.0/guava-20.0.jar:/home/massimo/.m2/repository/com/google/protobuf/protobuf-java/3.4.0/protobuf-java-3.4.0.jar:/home/massimo/.m2/repository/org/slf4j/slf4j-log4j12/1.7.25/slf4j-log4j12-1.7.25.jar:/home/massimo/.m2/repository/org/apache/zookeeper/zookeeper/3.5.3-beta/zookeeper-3.5.3-beta.jar:/home/massimo/.m2/repository/org/apache/zookeeper/zookeeper/3.5.3-beta/zookeeper-3.5.3-beta-tests.jar:/home/massimo/.m2/repository/commons-cli/commons-cli/1.2/commons-cli-1.2.jar:/home/massimo/.m2/repository/commons-codec/commons-codec/1.6/commons-codec-1.6.jar:/home/massimo/.m2/repository/commons-io/commons-io/2.4/commons-io-2.4.jar:/home/massimo/.m2/repository/org/apache/commons/commons-lang3/3.3.2/commons-lang3-3.3.2.jar:/home/massimo/.m2/repository/org/apache/commons/commons-collections4/4.1/commons-collections4-4.1.jar:/home/massimo/.m2/repository/net/java/dev/jna/jna/3.2.7/jna-3.2.7.jar:/home/massimo/.m2/repository/log4j/log4j/1.2.15/log4j-1.2.15.jar:/home/massimo/.m2/repository/io/netty/netty-all/4.1.12.Final/netty-all-4.1.12.Final.jar:/home/massimo/.m2/repository/org/apache/hadoop/hadoop-minikdc/2.7.3/hadoop-minikdc-2.7.3.jar:/home/massimo/.m2/repository/org/apache/directory/server/apacheds-core-api/2.0.0-M15/apacheds-core-api-2.0.0-M15.jar:/home/massimo/.m2/repository/org/apache/directory/server/apacheds-core-constants/2.0.0-M15/apacheds-core-constants-2.0.0-M15.jar:/home/massimo/.m2/repository/org/apache/directory/server/apacheds-i18n/2.0.0-M15/apacheds-i18n-2.0.0-M15.jar:/home/massimo/.m2/repository/org/apache/directory/api/api-i18n/1.0.0-M20/api-i18n-1.0.0-M20.jar:/home/massimo/.m2/repository/org/apache/directory/api/api-asn1-api/1.0.0-M20/api-asn1-api-1.0.0-M20.jar:/home/massimo/.m2/repository/org/apache/directory/api/api-ldap-client-api/1.0.0-M20/api-ldap-client-api-1.0.0-M20.jar:/home/massimo/.m2/repository/org/apache/directory/api/api-ldap-codec-core/1.0.0-M20/api-ldap-codec-core-1.0.0-M20.jar:/home/massimo/.m2/repository/org/apache/directory/api/api-ldap-extras-aci/1.0.0-M20/api-ldap-extras-aci-1.0.0-M20.jar:/home/massimo/.m2/repository/org/apache/directory/api/api-ldap-extras-util/1.0.0-M20/api-ldap-extras-util-1.0.0-M20.jar:/home/massimo/.m2/repository/org/apache/directory/api/api-ldap-model/1.0.0-M20/api-ldap-model-1.0.0-M20.jar:/home/massimo/.m2/repository/org/apache/directory/api/api-util/1.0.0-M20/api-util-1.0.0-M20.jar:/home/massimo/.m2/repository/org/apache/mina/mina-core/2.0.7/mina-core-2.0.7.jar:/home/massimo/.m2/repository/net/sf/ehcache/ehcache-core/2.4.4/ehcache-core-2.4.4.jar:/home/massimo/.m2/repository/org/apache/directory/server/apacheds-interceptor-kerberos/2.0.0-M15/apacheds-interceptor-kerberos-2.0.0-M15.jar:/home/massimo/.m2/repository/org/apache/directory/server/apacheds-core/2.0.0-M15/apacheds-core-2.0.0-M15.jar:/home/massimo/.m2/repository/org/apache/directory/server/apacheds-interceptors-admin/2.0.0-M15/apacheds-interceptors-admin-2.0.0-M15.jar:/home/massimo/.m2/repository/org/apache/directory/server/apacheds-interceptors-authn/2.0.0-M15/apacheds-interceptors-authn-2.0.0-M15.jar:/home/massimo/.m2/repository/org/apache/directory/server/apacheds-interceptors-authz/2.0.0-M15/apacheds-interceptors-authz-2.0.0-M15.jar:/home/massimo/.m2/repository/org/apache/directory/server/apacheds-interceptors-changelog/2.0.0-M15/apacheds-interceptors-changelog-2.0.0-M15.jar:/home/massimo/.m2/repository/org/apache/directory/server/apacheds-interceptors-collective/2.0.0-M15/apacheds-interceptors-collective-2.0.0-M15.jar:/home/massimo/.m2/repository/org/apache/directory/server/apacheds-interceptors-event/2.0.0-M15/apacheds-interceptors-event-2.0.0-M15.jar:/home/massimo/.m2/repository/org/apache/directory/server/apacheds-interceptors-exception/2.0.0-M15/apacheds-interceptors-exception-2.0.0-M15.jar:/home/massimo/.m2/repository/org/apache/directory/server/apacheds-interceptors-journal/2.0.0-M15/apacheds-interceptors-journal-2.0.0-M15.jar:/home/massimo/.m2/repository/org/apache/directory/server/apacheds-interceptors-normalization/2.0.0-M15/apacheds-interceptors-normalization-2.0.0-M15.jar:/home/massimo/.m2/repository/org/apache/directory/server/apacheds-interceptors-operational/2.0.0-M15/apacheds-interceptors-operational-2.0.0-M15.jar:/home/massimo/.m2/repository/org/apache/directory/server/apacheds-interceptors-referral/2.0.0-M15/apacheds-interceptors-referral-2.0.0-M15.jar:/home/massimo/.m2/repository/org/apache/directory/server/apacheds-interceptors-schema/2.0.0-M15/apacheds-interceptors-schema-2.0.0-M15.jar:/home/massimo/.m2/repository/org/apache/directory/server/apacheds-interceptors-subtree/2.0.0-M15/apacheds-interceptors-subtree-2.0.0-M15.jar:/home/massimo/.m2/repository/org/apache/directory/server/apacheds-interceptors-trigger/2.0.0-M15/apacheds-interceptors-trigger-2.0.0-M15.jar:/home/massimo/.m2/repository/org/apache/directory/api/api-ldap-extras-trigger/1.0.0-M20/api-ldap-extras-trigger-1.0.0-M20.jar:/home/massimo/.m2/repository/org/apache/directory/server/apacheds-kerberos-codec/2.0.0-M15/apacheds-kerberos-codec-2.0.0-M15.jar:/home/massimo/.m2/repository/org/apache/directory/server/apacheds-protocol-shared/2.0.0-M15/apacheds-protocol-shared-2.0.0-M15.jar:/home/massimo/.m2/repository/org/apache/directory/server/apacheds-protocol-kerberos/2.0.0-M15/apacheds-protocol-kerberos-2.0.0-M15.jar:/home/massimo/.m2/repository/org/apache/directory/server/apacheds-core-shared/2.0.0-M15/apacheds-core-shared-2.0.0-M15.jar:/home/massimo/.m2/repository/org/apache/directory/server/apacheds-ldif-partition/2.0.0-M15/apacheds-ldif-partition-2.0.0-M15.jar:/home/massimo/.m2/repository/org/apache/directory/server/apacheds-xdbm-partition/2.0.0-M15/apacheds-xdbm-partition-2.0.0-M15.jar:/home/massimo/.m2/repository/org/apache/directory/server/apacheds-mavibot-partition/2.0.0-M15/apacheds-mavibot-partition-2.0.0-M15.jar:/home/massimo/.m2/repository/org/apache/directory/mavibot/mavibot/1.0.0-M1/mavibot-1.0.0-M1.jar:/home/massimo/.m2/repository/org/apache/directory/server/apacheds-core-avl/2.0.0-M15/apacheds-core-avl-2.0.0-M15.jar:/home/massimo/.m2/repository/org/apache/directory/api/api-all/1.0.0-M20/api-all-1.0.0-M20.jar:/home/massimo/.m2/repository/commons-pool/commons-pool/1.6/commons-pool-1.6.jar:/home/massimo/.m2/repository/commons-collections/commons-collections/3.2.1/commons-collections-3.2.1.jar:/home/massimo/.m2/repository/antlr/antlr/2.7.7/antlr-2.7.7.jar:/home/massimo/.m2/repository/org/apache/directory/server/apacheds-jdbm-partition/2.0.0-M15/apacheds-jdbm-partition-2.0.0-M15.jar:/home/massimo/.m2/repository/org/apache/directory/jdbm/apacheds-jdbm1/2.0.0-M2/apacheds-jdbm1-2.0.0-M2.jar:/home/massimo/.m2/repository/org/apache/directory/server/apacheds-protocol-ldap/2.0.0-M15/apacheds-protocol-ldap-2.0.0-M15.jar:/home/massimo/.m2/repository/org/apache/directory/api/api-asn1-ber/1.0.0-M20/api-asn1-ber-1.0.0-M20.jar:/home/massimo/.m2/repository/org/apache/directory/api/api-ldap-extras-codec-api/1.0.0-M20/api-ldap-extras-codec-api-1.0.0-M20.jar:/home/massimo/.m2/repository/org/apache/directory/api/api-ldap-extras-codec/1.0.0-M20/api-ldap-extras-codec-1.0.0-M20.jar:/home/massimo/.m2/repository/org/apache/directory/api/api-ldap-extras-sp/1.0.0-M20/api-ldap-extras-sp-1.0.0-M20.jar:/home/massimo/.m2/repository/bouncycastle/bcprov-jdk15/140/bcprov-jdk15-140.jar:/home/massimo/.m2/repository/io/netty/netty-tcnative-boringssl-static/2.0.3.Final/netty-tcnative-boringssl-static-2.0.3.Final.jar:/home/massimo/.m2/repository/org/apache/bookkeeper/http/http-server/4.6.0/http-server-4.6.0.jar:/home/massimo/.m2/repository/com/fasterxml/jackson/core/jackson-core/2.8.9/jackson-core-2.8.9.jar:/home/massimo/.m2/repository/com/fasterxml/jackson/core/jackson-databind/2.8.9/jackson-databind-2.8.9.jar:/home/massimo/.m2/repository/com/fasterxml/jackson/core/jackson-annotations/2.8.9/jackson-annotations-2.8.9.jar:/home/massimo/.m2/repository/org/slf4j/slf4j-api/1.7.25/slf4j-api-1.7.25.jar:/home/massimo/.m2/repository/org/projectlombok/lombok/1.18.12/lombok-1.18.12.jar:/home/massimo/.m2/repository/commons-configuration/commons-configuration/1.10/commons-configuration-1.10.jar:/home/massimo/.m2/repository/commons-lang/commons-lang/2.6/commons-lang-2.6.jar:/home/massimo/.m2/repository/commons-logging/commons-logging/1.1.1/commons-logging-1.1.1.jar:/home/massimo/.m2/repository/junit/junit/4.12/junit-4.12.jar:/home/massimo/.m2/repository/org/hamcrest/hamcrest-core/1.3/hamcrest-core-1.3.jar:/home/massimo/.m2/repository/org/hamcrest/hamcrest-all/1.3/hamcrest-all-1.3.jar:/home/massimo/.m2/repository/org/mockito/mockito-core/2.8.9/mockito-core-2.8.9.jar:/home/massimo/.m2/repository/net/bytebuddy/byte-buddy/1.6.14/byte-buddy-1.6.14.jar:/home/massimo/.m2/repository/net/bytebuddy/byte-buddy-agent/1.6.14/byte-buddy-agent-1.6.14.jar:/home/massimo/.m2/repository/org/objenesis/objenesis/2.5/objenesis-2.5.jar:/home/massimo/.m2/repository/org/powermock/powermock-api-mockito2/1.7.3/powermock-api-mockito2-1.7.3.jar:/home/massimo/.m2/repository/org/powermock/powermock-api-mockito-common/1.7.3/powermock-api-mockito-common-1.7.3.jar:/home/massimo/.m2/repository/org/powermock/powermock-api-support/1.7.3/powermock-api-support-1.7.3.jar:/home/massimo/.m2/repository/org/powermock/powermock-module-junit4/1.7.3/powermock-module-junit4-1.7.3.jar:/home/massimo/.m2/repository/org/powermock/powermock-module-junit4-common/1.7.3/powermock-module-junit4-common-1.7.3.jar:/home/massimo/.m2/repository/org/powermock/powermock-reflect/1.7.3/powermock-reflect-1.7.3.jar:/home/massimo/.m2/repository/org/powermock/powermock-core/1.7.3/powermock-core-1.7.3.jar:/home/massimo/.m2/repository/org/javassist/javassist/3.21.0-GA/javassist-3.21.0-GA.jar:/home/massimo/.m2/repository/org/apache/bookkeeper/bookkeeper-proto/4.7.0/bookkeeper-proto-4.7.0.jar:"/>
    <property name="sun.cpu.endian" value="little"/>
    <property name="user.home" value="/home/massimo"/>
    <property name="user.language" value="it"/>
    <property name="java.specification.vendor" value="Oracle Corporation"/>
    <property name="java.home" value="/usr/lib/jvm/java-8-openjdk-amd64/jre"/>
    <property name="basedir" value="/media/massimo/Dati/Documenti/Università/1-Magistrale/iswii/working-copies-GITHUB/bookkeeper/bookkeeper-server"/>
    <property name="file.separator" value="/"/>
    <property name="line.separator" value="&#10;"/>
    <property name="java.vm.specification.vendor" value="Oracle Corporation"/>
    <property name="java.specification.name" value="Java Platform API Specification"/>
    <property name="java.awt.graphicsenv" value="sun.awt.X11GraphicsEnvironment"/>
    <property name="surefire.real.class.path" value="/media/massimo/Dati/Documenti/Università/1-Magistrale/iswii/working-copies-GITHUB/bookkeeper/bookkeeper-server/target/surefire/surefirebooter1523735713476658671.jar:/home/massimo/.m2/repository/org/jacoco/org.jacoco.agent/0.8.2/org.jacoco.agent-0.8.2-runtime.jar"/>
    <property name="sun.boot.class.path" value="/usr/lib/jvm/java-8-openjdk-amd64/jre/lib/resources.jar:/usr/lib/jvm/java-8-openjdk-amd64/jre/lib/rt.jar:/usr/lib/jvm/java-8-openjdk-amd64/jre/lib/sunrsasign.jar:/usr/lib/jvm/java-8-openjdk-amd64/jre/lib/jsse.jar:/usr/lib/jvm/java-8-openjdk-amd64/jre/lib/jce.jar:/usr/lib/jvm/java-8-openjdk-amd64/jre/lib/charsets.jar:/usr/lib/jvm/java-8-openjdk-amd64/jre/lib/jfr.jar:/usr/lib/jvm/java-8-openjdk-amd64/jre/classes"/>
    <property name="sun.management.compiler" value="HotSpot 64-Bit Tiered Compilers"/>
    <property name="java.runtime.version" value="1.8.0_312-8u312-b07-0ubuntu1~20.04-b07"/>
    <property name="zookeeper.4lw.commands.whitelist" value="*"/>
    <property name="user.name" value="massimo"/>
    <property name="path.separator" value=":"/>
    <property name="os.version" value="5.4.0-96-generic"/>
    <property name="java.endorsed.dirs" value="/usr/lib/jvm/java-8-openjdk-amd64/jre/lib/endorsed"/>
    <property name="java.runtime.name" value="OpenJDK Runtime Environment"/>
    <property name="file.encoding" value="UTF-8"/>
    <property name="java.vm.name" value="OpenJDK 64-Bit Server VM"/>
    <property name="localRepository" value="/home/massimo/.m2/repository"/>
    <property name="java.vendor.url.bug" value="http://bugreport.sun.com/bugreport/"/>
    <property name="java.io.tmpdir" value="/tmp"/>
    <property name="java.version" value="1.8.0_312"/>
    <property name="user.dir" value="/media/massimo/Dati/Documenti/Università/1-Magistrale/iswii/working-copies-GITHUB/bookkeeper/bookkeeper-server"/>
    <property name="os.arch" value="amd64"/>
    <property name="java.vm.specification.name" value="Java Virtual Machine Specification"/>
    <property name="java.awt.printerjob" value="sun.print.PSPrinterJob"/>
    <property name="sun.os.patch.level" value="unknown"/>
    <property name="java.library.path" value="/usr/java/packages/lib/amd64:/usr/lib/x86_64-linux-gnu/jni:/lib/x86_64-linux-gnu:/usr/lib/x86_64-linux-gnu:/usr/lib/jni:/lib:/usr/lib"/>
    <property name="java.vm.info" value="mixed mode"/>
    <property name="java.vendor" value="Private Build"/>
    <property name="java.vm.version" value="25.312-b07"/>
    <property name="java.ext.dirs" value="/usr/lib/jvm/java-8-openjdk-amd64/jre/lib/ext:/usr/java/packages/lib/ext"/>
    <property name="sun.io.unicode.encoding" value="UnicodeLittle"/>
    <property name="java.class.version" value="52.0"/>
  </properties>
  <testcase name="ledgerWriteThenReadTest[0]" classname="org.apache.bookkeeper.client.LedgerHandleAddEntryTest" time="5.874"/>
  <testcase name="ledgerWriteThenReadTest[1]" classname="org.apache.bookkeeper.client.LedgerHandleAddEntryTest" time="4.591"/>
  <testcase name="ledgerWriteThenReadTest[2]" classname="org.apache.bookkeeper.client.LedgerHandleAddEntryTest" time="4.272"/>
  <testcase name="ledgerWriteThenReadTest[3]" classname="org.apache.bookkeeper.client.LedgerHandleAddEntryTest" time="1.865"/>
  <testcase name="ledgerWriteThenReadTest[4]" classname="org.apache.bookkeeper.client.LedgerHandleAddEntryTest" time="2.182"/>
  <testcase name="ledgerWriteThenReadTest[5]" classname="org.apache.bookkeeper.client.LedgerHandleAddEntryTest" time="1.761"/>
  <testcase name="ledgerWriteThenReadTest[6]" classname="org.apache.bookkeeper.client.LedgerHandleAddEntryTest" time="2.124"/>
  <testcase name="ledgerWriteThenReadTest[7]" classname="org.apache.bookkeeper.client.LedgerHandleAddEntryTest" time="1.902"/>
  <testcase name="ledgerWriteThenReadTest[8]" classname="org.apache.bookkeeper.client.LedgerHandleAddEntryTest" time="1.757"/>
  <testcase name="ledgerWriteThenReadTest[9]" classname="org.apache.bookkeeper.client.LedgerHandleAddEntryTest" time="2.046"/>
</testsuite>